0 info it worked if it ends with ok
1 verbose cli [ 'C:\\Program Files\\nodejs\\\\node.exe',
1 verbose cli   'C:\\Program Files\\nodejs\\node_modules\\npm\\bin\\npm-cli.js',
1 verbose cli   'publish' ]
2 info using npm@1.4.28
3 info using node@v0.10.33
4 verbose node symlink C:\Program Files\nodejs\\node.exe
5 verbose publish [ '.' ]
6 verbose cache add [ '.', null ]
7 verbose cache add name=undefined spec="." args=[".",null]
8 verbose parsed url { protocol: null,
8 verbose parsed url   slashes: null,
8 verbose parsed url   auth: null,
8 verbose parsed url   host: null,
8 verbose parsed url   port: null,
8 verbose parsed url   hostname: null,
8 verbose parsed url   hash: null,
8 verbose parsed url   search: null,
8 verbose parsed url   query: null,
8 verbose parsed url   pathname: '.',
8 verbose parsed url   path: '.',
8 verbose parsed url   href: '.' }
9 silly lockFile 3a52ce78- .
10 verbose lock . C:\Users\Dragosh\AppData\Roaming\npm-cache\3a52ce78-.lock
11 verbose tar pack [ 'C:\\Users\\Dragosh\\AppData\\Roaming\\npm-cache\\craft-stairs\\1.0.2\\package.tgz',
11 verbose tar pack   '.' ]
12 verbose tarball C:\Users\Dragosh\AppData\Roaming\npm-cache\craft-stairs\1.0.2\package.tgz
13 verbose folder .
14 info prepublish craft-stairs@1.0.2
15 silly lockFile 1f1177db-tar tar://.
16 verbose lock tar://. C:\Users\Dragosh\AppData\Roaming\npm-cache\1f1177db-tar.lock
17 silly lockFile e9b5c529-e-craft-stairs-1-0-2-package-tgz tar://C:\Users\Dragosh\AppData\Roaming\npm-cache\craft-stairs\1.0.2\package.tgz
18 verbose lock tar://C:\Users\Dragosh\AppData\Roaming\npm-cache\craft-stairs\1.0.2\package.tgz C:\Users\Dragosh\AppData\Roaming\npm-cache\e9b5c529-e-craft-stairs-1-0-2-package-tgz.lock
19 silly lockFile 1f1177db-tar tar://.
20 silly lockFile 1f1177db-tar tar://.
21 silly lockFile e9b5c529-e-craft-stairs-1-0-2-package-tgz tar://C:\Users\Dragosh\AppData\Roaming\npm-cache\craft-stairs\1.0.2\package.tgz
22 silly lockFile e9b5c529-e-craft-stairs-1-0-2-package-tgz tar://C:\Users\Dragosh\AppData\Roaming\npm-cache\craft-stairs\1.0.2\package.tgz
23 silly lockFile 5b4b65bd-cache-craft-stairs-1-0-2-package C:\Users\Dragosh\AppData\Roaming\npm-cache\craft-stairs\1.0.2\package
24 verbose lock C:\Users\Dragosh\AppData\Roaming\npm-cache\craft-stairs\1.0.2\package C:\Users\Dragosh\AppData\Roaming\npm-cache\5b4b65bd-cache-craft-stairs-1-0-2-package.lock
25 silly lockFile 5b4b65bd-cache-craft-stairs-1-0-2-package C:\Users\Dragosh\AppData\Roaming\npm-cache\craft-stairs\1.0.2\package
26 silly lockFile 5b4b65bd-cache-craft-stairs-1-0-2-package C:\Users\Dragosh\AppData\Roaming\npm-cache\craft-stairs\1.0.2\package
27 silly lockFile 3a52ce78- .
28 silly lockFile 3a52ce78- .
29 silly publish { name: 'craft-stairs',
29 silly publish   version: '1.0.2',
29 silly publish   description: 'Stairs.',
29 silly publish   main: 'index.js',
29 silly publish   scripts: { test: 'echo "Error: no test specified" && exit 1' },
29 silly publish   repository: { type: 'git', url: 'https://github.com/dria7226/craft-stairs' },
29 silly publish   keywords: [ 'craftml', 'stairs' ],
29 silly publish   author: { name: 'Dragos Iarovoi' },
29 silly publish   license: 'MIT',
29 silly publish   bugs: { url: 'https://github.com/dria7226/craft-stairs/issues' },
29 silly publish   homepage: 'https://github.com/dria7226/craft-stairs',
29 silly publish   readme: '# craft-stairs\n\n# Install\n`$ npm install craft-stairs`\n\n# Parameters\n```sh\nnumberOfSteps - determines how many steps the stairs have\n```\n\n# Example\n```html\n<craft>\n\t<craft name="stairs" module="craft-stairs"/>\n\t<stairs/>\n</craft>\n```\n\n![example](example.png)',
29 silly publish   readmeFilename: 'README.md',
29 silly publish   gitHead: 'f1f0f536f57cc4bbc7163fae9d097c6d9af28ab8',
29 silly publish   _id: 'craft-stairs@1.0.2',
29 silly publish   _shasum: '36d564466aae38d236566a1bce59d2bfb20b90a1',
29 silly publish   _from: '.' }
30 verbose request where is /craft-stairs
31 verbose request registry https://registry.npmjs.org/
32 verbose request id cc93e2247cb5b9c0
33 verbose url raw /craft-stairs
34 verbose url resolving [ 'https://registry.npmjs.org/', './craft-stairs' ]
35 verbose url resolved https://registry.npmjs.org/craft-stairs
36 verbose request where is https://registry.npmjs.org/craft-stairs
37 info trying registry request attempt 1 at 14:35:24
38 http PUT https://registry.npmjs.org/craft-stairs
39 http 403 https://registry.npmjs.org/craft-stairs
40 verbose headers { date: 'Mon, 09 Feb 2015 21:35:26 GMT',
40 verbose headers   server: 'CouchDB/1.5.0 (Erlang OTP/R16B03)',
40 verbose headers   'content-type': 'application/json',
40 verbose headers   'cache-control': 'max-age=60',
40 verbose headers   'content-length': '2476',
40 verbose headers   'accept-ranges': 'bytes',
40 verbose headers   via: '1.1 varnish',
40 verbose headers   'x-served-by': 'cache-ord1720-ORD',
40 verbose headers   'x-cache': 'MISS',
40 verbose headers   'x-cache-hits': '0',
40 verbose headers   'x-timer': 'S1423517726.187226,VS0,VE472',
40 verbose headers   'keep-alive': 'timeout=10, max=50',
40 verbose headers   connection: 'Keep-Alive' }
41 error publish Failed PUT 403
42 error Error: forbidden cannot modify pre-existing version: 1.0.2
42 error old={"name":"craft-stairs","version":"1.0.2","description":"Stairs.","main":"index.js","scripts":{"test":"echo \"Error: no test specified\" && exit 1"},"repository":{"type":"git","url":"https://github.com/dria7226/craft-stairs"},"keywords":["craftml","stairs"],"author":{"name":"Dragos Iarovoi"},"license":"MIT","bugs":{"url":"https://github.com/dria7226/craft-stairs/issues"},"homepage":"https://github.com/dria7226/craft-stairs","gitHead":"96c245d00edd32a058fc81a72e3afde04a546308","_id":"craft-stairs@1.0.2","_shasum":"f1269929166a6c618d70ba1f4e35735d8b2e06c2","_from":".","_npmVersion":"1.4.28","_npmUser":{"name":"dria7226","email":"dria7226@colorado.edu"},"maintainers":[{"name":"dria7226","email":"dria7226@colorado.edu"}],"dist":{"shasum":"f1269929166a6c618d70ba1f4e35735d8b2e06c2","tarball":"http://registry.npmjs.org/craft-stairs/-/craft-stairs-1.0.2.tgz"}}
42 error new={"name":"craft-stairs","version":"1.0.2","description":"Stairs.","main":"index.js","scripts":{"test":"echo \"Error: no test specified\" && exit 1"},"repository":{"type":"git","url":"https://github.com/dria7226/craft-stairs"},"keywords":["craftml","stairs"],"author":{"name":"Dragos Iarovoi"},"license":"MIT","bugs":{"url":"https://github.com/dria7226/craft-stairs/issues"},"homepage":"https://github.com/dria7226/craft-stairs","readme":"# craft-stairs\u000a\u000a# Install\u000a`$ npm install craft-stairs`\u000a\u000a# Parameters\u000a```sh\u000anumberOfSteps - determines how many steps the stairs have\u000a```\u000a\u000a# Example\u000a```html\u000a<craft>\u000a\u0009<craft name=\"stairs\" module=\"craft-stairs\"/>\u000a\u0009<stairs/>\u000a</craft>\u000a```\u000a\u000a![example](example.png)","readmeFilename":"README.md","gitHead":"f1f0f536f57cc4bbc7163fae9d097c6d9af28ab8","_id":"craft-stairs@1.0.2","_shasum":"36d564466aae38d236566a1bce59d2bfb20b90a1","_from":".","_npmVersion":"1.4.28","_npmUser":{"name":"dria7226","email":"dria7226@colorado.edu"},"maintainers":[{"name":"dria7226","email":"dria7226@colorado.edu"}],"dist":{"shasum":"36d564466aae38d236566a1bce59d2bfb20b90a1","tarball":"http://registry.npmjs.org/craft-stairs/-/craft-stairs-1.0.2.tgz"}}: craft-stairs
42 error     at RegClient.<anonymous> (C:\Program Files\nodejs\node_modules\npm\node_modules\npm-registry-client\lib\request.js:308:14)
42 error     at Request._callback (C:\Program Files\nodejs\node_modules\npm\node_modules\npm-registry-client\lib\request.js:246:65)
42 error     at Request.self.callback (C:\Program Files\nodejs\node_modules\npm\node_modules\request\request.js:236:22)
42 error     at Request.emit (events.js:98:17)
42 error     at Request.<anonymous> (C:\Program Files\nodejs\node_modules\npm\node_modules\request\request.js:1142:14)
42 error     at Request.emit (events.js:117:20)
42 error     at IncomingMessage.<anonymous> (C:\Program Files\nodejs\node_modules\npm\node_modules\request\request.js:1096:12)
42 error     at IncomingMessage.emit (events.js:117:20)
42 error     at _stream_readable.js:943:16
42 error     at process._tickCallback (node.js:419:13)
43 error If you need help, you may report this *entire* log,
43 error including the npm and node versions, at:
43 error     <http://github.com/npm/npm/issues>
44 error System Windows_NT 6.2.9200
45 error command "C:\\Program Files\\nodejs\\\\node.exe" "C:\\Program Files\\nodejs\\node_modules\\npm\\bin\\npm-cli.js" "publish"
46 error cwd C:\Users\Dragosh\modelsml\craft-stairs
47 error node -v v0.10.33
48 error npm -v 1.4.28
49 verbose exit [ 1, true ]
